<?xml version="1.0" encoding="UTF-8"?>
<testng-results ignored="0" total="1" passed="1" failed="0" skipped="0">
  <reporter-output>
  </reporter-output>
  <suite started-at="2024-01-17T09:03:18 IST" name="Suite" finished-at="2024-01-17T09:03:29 IST" duration-ms="11115">
    <groups>
    </groups>
    <test started-at="2024-01-17T09:03:18 IST" name="Test" finished-at="2024-01-17T09:03:29 IST" duration-ms="11115">
      <class name="com.cs.tests.CustomerTests">
        <test-method is-config="true" signature="setUp()[pri:0, instance:com.cs.tests.CustomerTests@8f4ea7c]" started-at="2024-01-17T09:03:18 IST" name="setUp" finished-at="2024-01-17T09:03:23 IST" duration-ms="4706" status="PASS">
          <reporter-output>
          </reporter-output>
        </test-method> <!-- setUp -->
        <test-method signature="addCustomerTest()[pri:0, instance:com.cs.tests.CustomerTests@8f4ea7c]" started-at="2024-01-17T09:03:23 IST" name="addCustomerTest" finished-at="2024-01-17T09:03:29 IST" duration-ms="5893" status="PASS">
          <reporter-output>
          </reporter-output>
        </test-method> <!-- addCustomerTest -->
        <test-method is-config="true" signature="tearDown()[pri:0, instance:com.cs.tests.CustomerTests@8f4ea7c]" started-at="2024-01-17T09:03:29 IST" name="tearDown" finished-at="2024-01-17T09:03:29 IST" duration-ms="441" status="PASS">
          <reporter-output>
          </reporter-output>
        </test-method> <!-- tearDown -->
      </class> <!-- com.cs.tests.CustomerTests -->
    </test> <!-- Test -->
  </suite> <!-- Suite -->
</testng-results>
